# Logfile created on 2018-11-25 20:11:05 +0100 by logger.rb/61378
  INFO ---------------------------------------------------------------------------
  INFO START 2018-11-25 20:11:05 +0100 cap production deploy
  INFO ---------------------------------------------------------------------------
  INFO [4bc295ad] Running /usr/bin/env mkdir -p /tmp as deploy@flow.production
 DEBUG [4bc295ad] Command: /usr/bin/env mkdir -p /tmp
  INFO [83c7c767] Finished in 1.229 seconds with exit status 0 (successful).
 DEBUG Uploading /tmp/git-ssh-flow_frontend-production-gerard.sh 0.0%
  INFO Uploading /tmp/git-ssh-flow_frontend-production-gerard.sh 100.0%
  INFO [949bded4] Running /usr/bin/env chmod 700 /tmp/git-ssh-flow_frontend-production-gerard.sh as deploy@flow.production
 DEBUG [949bded4] Command: /usr/bin/env chmod 700 /tmp/git-ssh-flow_frontend-production-gerard.sh
  INFO [36cd68f6] Finished in 0.201 seconds with exit status 0 (successful).
  INFO [6cdfd42c] Running /usr/bin/env git ls-remote git@gitlab.com:geclos/flow-frontend.git HEAD as deploy@flow.production
 DEBUG [6cdfd42c] Command: ( export GIT_ASKPASS="/bin/echo" GIT_SSH="/tmp/git-ssh-flow_frontend-production-gerard.sh" ; /usr/bin/env git ls-remote git@gitlab.com:geclos/flow-frontend.git HEAD )
 DEBUG [2895663a] 	dbae0538d5b2d8c0c000463df0074287bcf09192	HEAD
  INFO [2895663a] Finished in 2.184 seconds with exit status 0 (successful).
  INFO [bf80492a] Running /usr/bin/env mkdir -p /srv/frontend/shared /srv/frontend/releases as deploy@flow.production
 DEBUG [bf80492a] Command: /usr/bin/env mkdir -p /srv/frontend/shared /srv/frontend/releases
 DEBUG [2671f383] 	mkdir: 
 DEBUG [2671f383] 	cannot create directory '/srv/frontend'
 DEBUG [2671f383] 	: Permission denied
 DEBUG [2671f383] 	
 DEBUG [2671f383] 	mkdir: 
 DEBUG [2671f383] 	cannot create directory '/srv/frontend'
 DEBUG [2671f383] 	: Permission denied
 DEBUG [2671f383] 	
  INFO ---------------------------------------------------------------------------
  INFO START 2018-11-25 20:42:03 +0100 cap production deploy
  INFO ---------------------------------------------------------------------------
  INFO [43e108a4] Running /usr/bin/env mkdir -p /tmp as deploy@flow.production
 DEBUG [43e108a4] Command: /usr/bin/env mkdir -p /tmp
  INFO [aa6c7890] Finished in 1.920 seconds with exit status 0 (successful).
 DEBUG Uploading /tmp/git-ssh-flow_frontend-production-gerard.sh 0.0%
  INFO Uploading /tmp/git-ssh-flow_frontend-production-gerard.sh 100.0%
  INFO [6b432e08] Running /usr/bin/env chmod 700 /tmp/git-ssh-flow_frontend-production-gerard.sh as deploy@flow.production
 DEBUG [6b432e08] Command: /usr/bin/env chmod 700 /tmp/git-ssh-flow_frontend-production-gerard.sh
  INFO [aa65d10d] Finished in 0.242 seconds with exit status 0 (successful).
  INFO [b467023e] Running /usr/bin/env git ls-remote git@gitlab.com:geclos/flow-frontend.git HEAD as deploy@flow.production
 DEBUG [b467023e] Command: ( export GIT_ASKPASS="/bin/echo" GIT_SSH="/tmp/git-ssh-flow_frontend-production-gerard.sh" ; /usr/bin/env git ls-remote git@gitlab.com:geclos/flow-frontend.git HEAD )
 DEBUG [bb72b4d7] 	dbae0538d5b2d8c0c000463df0074287bcf09192	HEAD
  INFO [bb72b4d7] Finished in 2.628 seconds with exit status 0 (successful).
  INFO [016c5d11] Running /usr/bin/env mkdir -p /srv/frontend/shared /srv/frontend/releases as deploy@flow.production
 DEBUG [016c5d11] Command: /usr/bin/env mkdir -p /srv/frontend/shared /srv/frontend/releases
  INFO [f5b04ea0] Finished in 0.170 seconds with exit status 0 (successful).
  INFO [b21cf772] Running /usr/bin/env mkdir -p /srv/frontend/shared/config /srv/frontend/shared as deploy@flow.production
 DEBUG [b21cf772] Command: /usr/bin/env mkdir -p /srv/frontend/shared/config /srv/frontend/shared
  INFO [e7fa0b2b] Finished in 0.298 seconds with exit status 0 (successful).
 DEBUG [b395880a] Running [ -f /srv/frontend/shared/config/database.yml ] as deploy@flow.production
 DEBUG [b395880a] Command: [ -f /srv/frontend/shared/config/database.yml ]
 DEBUG [c28b0afe] Finished in 0.213 seconds with exit status 1 (failed).
 ERROR linked file /srv/frontend/shared/config/database.yml does not exist on flow.production
  INFO ---------------------------------------------------------------------------
  INFO START 2018-11-25 20:42:49 +0100 cap production deploy
  INFO ---------------------------------------------------------------------------
  INFO [0565223e] Running /usr/bin/env mkdir -p /tmp as deploy@flow.production
 DEBUG [0565223e] Command: /usr/bin/env mkdir -p /tmp
  INFO [bae48b2c] Finished in 1.729 seconds with exit status 0 (successful).
 DEBUG Uploading /tmp/git-ssh-flow_frontend-production-gerard.sh 0.0%
  INFO Uploading /tmp/git-ssh-flow_frontend-production-gerard.sh 100.0%
  INFO [22dec418] Running /usr/bin/env chmod 700 /tmp/git-ssh-flow_frontend-production-gerard.sh as deploy@flow.production
 DEBUG [22dec418] Command: /usr/bin/env chmod 700 /tmp/git-ssh-flow_frontend-production-gerard.sh
  INFO [fdef25c8] Finished in 0.252 seconds with exit status 0 (successful).
  INFO [808b0ee2] Running /usr/bin/env git ls-remote git@gitlab.com:geclos/flow-frontend.git HEAD as deploy@flow.production
 DEBUG [808b0ee2] Command: ( export GIT_ASKPASS="/bin/echo" GIT_SSH="/tmp/git-ssh-flow_frontend-production-gerard.sh" ; /usr/bin/env git ls-remote git@gitlab.com:geclos/flow-frontend.git HEAD )
 DEBUG [afb8efd4] 	dbae0538d5b2d8c0c000463df0074287bcf09192	HEAD
  INFO [afb8efd4] Finished in 3.307 seconds with exit status 0 (successful).
  INFO [45397ffd] Running /usr/bin/env mkdir -p /srv/frontend/shared /srv/frontend/releases as deploy@flow.production
 DEBUG [45397ffd] Command: /usr/bin/env mkdir -p /srv/frontend/shared /srv/frontend/releases
  INFO [dc3189a6] Finished in 0.715 seconds with exit status 0 (successful).
  INFO [ac8a95c4] Running /usr/bin/env mkdir -p /srv/frontend/shared as deploy@flow.production
 DEBUG [ac8a95c4] Command: /usr/bin/env mkdir -p /srv/frontend/shared
  INFO [73fd1893] Finished in 0.185 seconds with exit status 0 (successful).
 DEBUG [aaee4695] Running [ -f /srv/frontend/shared/.env ] as deploy@flow.production
 DEBUG [aaee4695] Command: [ -f /srv/frontend/shared/.env ]
 DEBUG [2a6fe2a6] Finished in 0.187 seconds with exit status 0 (successful).
 DEBUG [2e1f027b] Running [ -f /srv/frontend/current/REVISION ] as deploy@flow.production
 DEBUG [2e1f027b] Command: [ -f /srv/frontend/current/REVISION ]
 DEBUG [98f180cd] Finished in 0.266 seconds with exit status 1 (failed).
 DEBUG [1df3c424] Running [ -f /srv/frontend/repo/HEAD ] as deploy@flow.production
 DEBUG [1df3c424] Command: [ -f /srv/frontend/repo/HEAD ]
 DEBUG [f43db208] Finished in 0.234 seconds with exit status 1 (failed).
 DEBUG [a20e2865] Running if test ! -d /srv/frontend; then echo "Directory does not exist '/srv/frontend'" 1>&2; false; fi as deploy@flow.production
 DEBUG [a20e2865] Command: if test ! -d /srv/frontend; then echo "Directory does not exist '/srv/frontend'" 1>&2; false; fi
 DEBUG [211ab06e] Finished in 1.159 seconds with exit status 0 (successful).
  INFO [ba2a89b4] Running /usr/bin/env git clone --mirror git@gitlab.com:geclos/flow-frontend.git /srv/frontend/repo as deploy@flow.production
 DEBUG [ba2a89b4] Command: cd /srv/frontend && ( export GIT_ASKPASS="/bin/echo" GIT_SSH="/tmp/git-ssh-flow_frontend-production-gerard.sh" ; /usr/bin/env git clone --mirror git@gitlab.com:geclos/flow-frontend.git /srv/frontend/repo )
 DEBUG [0ca5da9a] 	Cloning into bare repository '/srv/frontend/repo'...
  INFO [0ca5da9a] Finished in 2.980 seconds with exit status 0 (successful).
 DEBUG [1bd37836] Running if test ! -d /srv/frontend/repo; then echo "Directory does not exist '/srv/frontend/repo'" 1>&2; false; fi as deploy@flow.production
 DEBUG [1bd37836] Command: if test ! -d /srv/frontend/repo; then echo "Directory does not exist '/srv/frontend/repo'" 1>&2; false; fi
 DEBUG [5ca03a68] Finished in 0.256 seconds with exit status 0 (successful).
  INFO [41703040] Running /usr/bin/env git remote set-url origin git@gitlab.com:geclos/flow-frontend.git as deploy@flow.production
 DEBUG [41703040] Command: cd /srv/frontend/repo && ( export GIT_ASKPASS="/bin/echo" GIT_SSH="/tmp/git-ssh-flow_frontend-production-gerard.sh" ; /usr/bin/env git remote set-url origin git@gitlab.com:geclos/flow-frontend.git )
  INFO [667f5ce9] Finished in 0.211 seconds with exit status 0 (successful).
  INFO [afe3ceca] Running /usr/bin/env git remote update --prune as deploy@flow.production
 DEBUG [afe3ceca] Command: cd /srv/frontend/repo && ( export GIT_ASKPASS="/bin/echo" GIT_SSH="/tmp/git-ssh-flow_frontend-production-gerard.sh" ; /usr/bin/env git remote update --prune )
 DEBUG [623465fe] 	Fetching origin
  INFO [623465fe] Finished in 3.233 seconds with exit status 0 (successful).
 DEBUG [0959fbe7] Running if test ! -d /srv/frontend/repo; then echo "Directory does not exist '/srv/frontend/repo'" 1>&2; false; fi as deploy@flow.production
 DEBUG [0959fbe7] Command: if test ! -d /srv/frontend/repo; then echo "Directory does not exist '/srv/frontend/repo'" 1>&2; false; fi
 DEBUG [cf6980c7] Finished in 0.153 seconds with exit status 0 (successful).
  INFO [4bc5d984] Running /usr/bin/env mkdir -p /srv/frontend/releases/20181125194256 as deploy@flow.production
 DEBUG [4bc5d984] Command: cd /srv/frontend/repo && ( export GIT_ASKPASS="/bin/echo" GIT_SSH="/tmp/git-ssh-flow_frontend-production-gerard.sh" ; /usr/bin/env mkdir -p /srv/frontend/releases/20181125194256 )
  INFO [432526d7] Finished in 0.299 seconds with exit status 0 (successful).
  INFO [08144e26] Running /usr/bin/env git archive master | /usr/bin/env tar -x -f - -C /srv/frontend/releases/20181125194256 as deploy@flow.production
 DEBUG [08144e26] Command: cd /srv/frontend/repo && ( export GIT_ASKPASS="/bin/echo" GIT_SSH="/tmp/git-ssh-flow_frontend-production-gerard.sh" ; /usr/bin/env git archive master | /usr/bin/env tar -x -f - -C /srv/frontend/releases/20181125194256 )
  INFO [c5ecc1b6] Finished in 0.207 seconds with exit status 0 (successful).
 DEBUG [4e75070a] Running if test ! -d /srv/frontend/repo; then echo "Directory does not exist '/srv/frontend/repo'" 1>&2; false; fi as deploy@flow.production
 DEBUG [4e75070a] Command: if test ! -d /srv/frontend/repo; then echo "Directory does not exist '/srv/frontend/repo'" 1>&2; false; fi
 DEBUG [519779ca] Finished in 0.355 seconds with exit status 0 (successful).
 DEBUG [83fd7f9b] Running /usr/bin/env git rev-list --max-count=1 master as deploy@flow.production
 DEBUG [83fd7f9b] Command: cd /srv/frontend/repo && ( export GIT_ASKPASS="/bin/echo" GIT_SSH="/tmp/git-ssh-flow_frontend-production-gerard.sh" ; /usr/bin/env git rev-list --max-count=1 master )
 DEBUG [77dc5368] 	dbae0538d5b2d8c0c000463df0074287bcf09192
 DEBUG [77dc5368] Finished in 0.272 seconds with exit status 0 (successful).
 DEBUG [9c530ccd] Running if test ! -d /srv/frontend/releases/20181125194256; then echo "Directory does not exist '/srv/frontend/releases/20181125194256'" 1>&2; false; fi as deploy@flow.production
 DEBUG [9c530ccd] Command: if test ! -d /srv/frontend/releases/20181125194256; then echo "Directory does not exist '/srv/frontend/releases/20181125194256'" 1>&2; false; fi
 DEBUG [87555ec5] Finished in 0.334 seconds with exit status 0 (successful).
  INFO [aab370dc] Running /usr/bin/env echo "dbae0538d5b2d8c0c000463df0074287bcf09192" > REVISION as deploy@flow.production
 DEBUG [aab370dc] Command: cd /srv/frontend/releases/20181125194256 && /usr/bin/env echo "dbae0538d5b2d8c0c000463df0074287bcf09192" > REVISION
  INFO [ca2d919c] Finished in 0.308 seconds with exit status 0 (successful).
  INFO [ca58a7d5] Running /usr/bin/env mkdir -p /srv/frontend/releases/20181125194256 as deploy@flow.production
 DEBUG [ca58a7d5] Command: /usr/bin/env mkdir -p /srv/frontend/releases/20181125194256
  INFO [65375df3] Finished in 0.246 seconds with exit status 0 (successful).
 DEBUG [26520d87] Running [ -L /srv/frontend/releases/20181125194256/.env ] as deploy@flow.production
 DEBUG [26520d87] Command: [ -L /srv/frontend/releases/20181125194256/.env ]
 DEBUG [f7ae26c7] Finished in 0.367 seconds with exit status 1 (failed).
 DEBUG [689ec84c] Running [ -f /srv/frontend/releases/20181125194256/.env ] as deploy@flow.production
 DEBUG [689ec84c] Command: [ -f /srv/frontend/releases/20181125194256/.env ]
 DEBUG [afc94206] Finished in 0.846 seconds with exit status 1 (failed).
  INFO [fc507f4d] Running /usr/bin/env ln -s /srv/frontend/shared/.env /srv/frontend/releases/20181125194256/.env as deploy@flow.production
 DEBUG [fc507f4d] Command: /usr/bin/env ln -s /srv/frontend/shared/.env /srv/frontend/releases/20181125194256/.env
  INFO [abc40130] Finished in 1.021 seconds with exit status 0 (successful).
 DEBUG [1261a230] Running if test ! -d /srv/frontend/releases/20181125194256; then echo "Directory does not exist '/srv/frontend/releases/20181125194256'" 1>&2; false; fi as deploy@flow.production
 DEBUG [1261a230] Command: if test ! -d /srv/frontend/releases/20181125194256; then echo "Directory does not exist '/srv/frontend/releases/20181125194256'" 1>&2; false; fi
 DEBUG [c349674b] Finished in 0.246 seconds with exit status 0 (successful).
  INFO [72c96c06] Running /usr/bin/env npm install --production --silent --no-progress as deploy@flow.production
 DEBUG [72c96c06] Command: cd /srv/frontend/releases/20181125194256 && /usr/bin/env npm install --production --silent --no-progress
 DEBUG [f557af73] 	Downloading binary from https://github.com/sass/node-sass/releases/download/v4.9.4/linux-x64-64_binding.node
 DEBUG [f557af73] 	Download complete
 DEBUG [f557af73] 	Binary saved to /srv/frontend/releases/20181125194256/node_modules/node-sass/vendor/linux-x64-64/binding.node
 DEBUG [f557af73] 	Caching binary to /home/deploy/.npm/node-sass/4.9.4/linux-x64-64_binding.node
 DEBUG [f557af73] 	Binary found at /srv/frontend/releases/20181125194256/node_modules/node-sass/vendor/linux-x64-64/binding.node
 DEBUG [f557af73] 	Testing binary
 DEBUG [f557af73] 	Binary is fine
 DEBUG [f557af73] 	added 1831 packages from 676 contributors and audited 32621 packages in 69.319s
 DEBUG [f557af73] 	found 8 low severity vulnerabilities
  run `npm audit fix` to fix them, or `npm audit` for details
  INFO [f557af73] Finished in 71.299 seconds with exit status 0 (successful).
  INFO [c7896f6b] Running /usr/bin/env ln -s /srv/frontend/releases/20181125194256 /srv/frontend/releases/current as deploy@flow.production
 DEBUG [c7896f6b] Command: /usr/bin/env ln -s /srv/frontend/releases/20181125194256 /srv/frontend/releases/current
  INFO [3a985b5e] Finished in 0.185 seconds with exit status 0 (successful).
  INFO [1c871a5a] Running /usr/bin/env mv /srv/frontend/releases/current /srv/frontend as deploy@flow.production
 DEBUG [1c871a5a] Command: /usr/bin/env mv /srv/frontend/releases/current /srv/frontend
  INFO [e52e65d8] Finished in 0.184 seconds with exit status 0 (successful).
 DEBUG [85383b80] Running /usr/bin/env ls -x /srv/frontend/releases as deploy@flow.production
 DEBUG [85383b80] Command: /usr/bin/env ls -x /srv/frontend/releases
 DEBUG [c339d0df] 	20181125194256
 DEBUG [c339d0df] Finished in 0.182 seconds with exit status 0 (successful).
 DEBUG [f3e9536e] Running if test ! -d /srv/frontend/releases; then echo "Directory does not exist '/srv/frontend/releases'" 1>&2; false; fi as deploy@flow.production
 DEBUG [f3e9536e] Command: if test ! -d /srv/frontend/releases; then echo "Directory does not exist '/srv/frontend/releases'" 1>&2; false; fi
 DEBUG [7180169b] Finished in 0.175 seconds with exit status 0 (successful).
  INFO [3fb6b627] Running /usr/bin/env echo "Branch master (at dbae0538d5b2d8c0c000463df0074287bcf09192) deployed as release 20181125194256 by gerard" >> /srv/frontend/revisions.log as deploy@flow.production
 DEBUG [3fb6b627] Command: cd /srv/frontend/releases && /usr/bin/env echo "Branch master (at dbae0538d5b2d8c0c000463df0074287bcf09192) deployed as release 20181125194256 by gerard" >> /srv/frontend/revisions.log
  INFO [5bd97c01] Finished in 0.209 seconds with exit status 0 (successful).
